0 info it worked if it ends with ok
1 verbose cli [ '/usr/local/bin/node', '/usr/local/bin/npm', 'run', 'test-dev' ]
2 info using npm@3.8.9
3 info using node@v6.2.0
4 verbose run-script [ 'pretest-dev', 'test-dev', 'posttest-dev' ]
5 info lifecycle jamsesh@0.0.1~pretest-dev: jamsesh@0.0.1
6 silly lifecycle jamsesh@0.0.1~pretest-dev: no script for pretest-dev, continuing
7 info lifecycle jamsesh@0.0.1~test-dev: jamsesh@0.0.1
8 verbose lifecycle jamsesh@0.0.1~test-dev: unsafe-perm in lifecycle true
9 verbose lifecycle jamsesh@0.0.1~test-dev: PATH: /usr/local/lib/node_modules/npm/bin/node-gyp-bin:/Users/MichaelNakayama/Development/noteable/node_modules/.bin:/usr/local/bin:/usr/local/lib/node_modules/npm/bin/node-gyp-bin:/Users/MichaelNakayama/Development/noteable/node_modules/.bin:/usr/local/bin:/usr/local/bin:/usr/bin:/bin:/usr/sbin:/sbin
10 verbose lifecycle jamsesh@0.0.1~test-dev: CWD: /Users/MichaelNakayama/Development/noteable
11 silly lifecycle jamsesh@0.0.1~test-dev: Args: [ '-c', 'node lib/server/webpack' ]
12 silly lifecycle jamsesh@0.0.1~test-dev: Returned: code: 1  signal: null
13 info lifecycle jamsesh@0.0.1~test-dev: Failed to exec test-dev script
14 verbose stack Error: jamsesh@0.0.1 test-dev: `node lib/server/webpack`
14 verbose stack Exit status 1
14 verbose stack     at EventEmitter.<anonymous> (/usr/local/lib/node_modules/npm/lib/utils/lifecycle.js:245:16)
14 verbose stack     at emitTwo (events.js:106:13)
14 verbose stack     at EventEmitter.emit (events.js:191:7)
14 verbose stack     at ChildProcess.<anonymous> (/usr/local/lib/node_modules/npm/lib/utils/spawn.js:24:14)
14 verbose stack     at emitTwo (events.js:106:13)
14 verbose stack     at ChildProcess.emit (events.js:191:7)
14 verbose stack     at maybeClose (internal/child_process.js:850:16)
14 verbose stack     at Process.ChildProcess._handle.onexit (internal/child_process.js:215:5)
15 verbose pkgid jamsesh@0.0.1
16 verbose cwd /Users/MichaelNakayama/Development/noteable
17 error Darwin 15.5.0
18 error argv "/usr/local/bin/node" "/usr/local/bin/npm" "run" "test-dev"
19 error node v6.2.0
20 error npm  v3.8.9
21 error code ELIFECYCLE
22 error jamsesh@0.0.1 test-dev: `node lib/server/webpack`
22 error Exit status 1
23 error Failed at the jamsesh@0.0.1 test-dev script 'node lib/server/webpack'.
23 error Make sure you have the latest version of node.js and npm installed.
23 error If you do, this is most likely a problem with the jamsesh package,
23 error not with npm itself.
23 error Tell the author that this fails on your system:
23 error     node lib/server/webpack
23 error You can get information on how to open an issue for this project with:
23 error     npm bugs jamsesh
23 error Or if that isn't available, you can get their info via:
23 error     npm owner ls jamsesh
23 error There is likely additional logging output above.
24 verbose exit [ 1, true ]
